<?xml version="1.0" encoding="UTF-8"?>
<testng-results skipped="0" failed="0" total="1" passed="1">
  <reporter-output>
  </reporter-output>
  <suite name="Default suite" duration-ms="29366" started-at="2017-12-10T07:54:52Z" finished-at="2017-12-10T07:55:21Z">
    <groups>
    </groups>
    <test name="Default test" duration-ms="29366" started-at="2017-12-10T07:54:52Z" finished-at="2017-12-10T07:55:21Z">
      <class name="com.toolsqa.checkData.Opening">
        <test-method status="PASS" signature="toolsQa()[pri:0, instance:com.toolsqa.checkData.Opening@5c7fa833]" name="toolsQa" duration-ms="28889" started-at="2017-12-10T13:24:52Z" finished-at="2017-12-10T13:25:21Z">
          <reporter-output>
          </reporter-output>
        </test-method> <!-- toolsQa -->
        <test-method status="PASS" signature="executingAfter(org.testng.ITestResult)[pri:0, instance:com.toolsqa.checkData.Opening@5c7fa833]" name="executingAfter" is-config="true" duration-ms="1" started-at="2017-12-10T13:25:21Z" finished-at="2017-12-10T13:25:21Z">
          <params>
            <param index="0">
              <value>
                <![CDATA[[TestResult name=toolsQa status=SUCCESS method=Opening.toolsQa()[pri:0, instance:com.toolsqa.checkData.Opening@5c7fa833] output={null}]]]>
              </value>
            </param>
          </params>
          <reporter-output>
          </reporter-output>
        </test-method> <!-- executingAfter -->
        <test-method status="PASS" signature="tearDown()[pri:0, instance:com.toolsqa.checkData.Opening@5c7fa833]" name="tearDown" is-config="true" duration-ms="454" started-at="2017-12-10T13:25:21Z" finished-at="2017-12-10T13:25:21Z">
          <reporter-output>
          </reporter-output>
        </test-method> <!-- tearDown -->
      </class> <!-- com.toolsqa.checkData.Opening -->
    </test> <!-- Default test -->
  </suite> <!-- Default suite -->
</testng-results>
